Base path: 'C:/Program Files/Unity/Hub/Editor/2019.4.2f1/Editor/Data', plugins path 'C:/Program Files/Unity/Hub/Editor/2019.4.2f1/Editor/Data/PlaybackEngines'
Cmd: initializeCompiler
Cmd: preprocessCompute
  insize=6731 outsize=6733 ok=1
Cmd: preprocessCompute
  insize=6235 outsize=6237 ok=1
Cmd: preprocess
  insize=37624 outsize=614 ok=1
Cmd: preprocessCompute
  insize=6783 outsize=6785 ok=1
Cmd: preprocessCompute
  insize=6172 outsize=6174 ok=1
Cmd: preprocess
  insize=37534 outsize=613 ok=1
Cmd: preprocessCompute
  insize=6783 outsize=6785 ok=1
Cmd: preprocessCompute
  insize=6172 outsize=6174 ok=1
Cmd: preprocess
  insize=37534 outsize=613 ok=1
Cmd: preprocessCompute
  insize=6783 outsize=6785 ok=1
Cmd: preprocessCompute
  insize=6172 outsize=6174 ok=1
Cmd: preprocess
  insize=37534 outsize=613 ok=1
Cmd: preprocess
  insize=811 outsize=209 ok=1
Cmd: preprocess
  insize=811 outsize=209 ok=1
Cmd: preprocess
  insize=811 outsize=209 ok=1
Cmd: preprocess
  insize=811 outsize=209 ok=1
Cmd: preprocess
  insize=811 outsize=209 ok=1
Cmd: preprocess
  insize=811 outsize=209 ok=1
Cmd: preprocess
  insize=811 outsize=209 ok=1
Cmd: preprocess
  insize=811 outsize=209 ok=1
Cmd: preprocess
  insize=811 outsize=209 ok=1
Cmd: preprocess
  insize=811 outsize=209 ok=1
Cmd: preprocess
  insize=811 outsize=209 ok=1
Cmd: preprocess
  insize=811 outsize=209 ok=1
Cmd: preprocess
  insize=811 outsize=209 ok=1
Cmd: preprocess
  insize=811 outsize=209 ok=1
Cmd: preprocess
  insize=811 outsize=209 ok=1
Cmd: preprocess
  insize=811 outsize=209 ok=1
Cmd: preprocess
  insize=811 outsize=209 ok=1
Cmd: preprocess
  insize=811 outsize=209 ok=1
Cmd: preprocess
  insize=3669 outsize=652 ok=1
Cmd: preprocess
  insize=3583 outsize=656 ok=1
Cmd: preprocess
  insize=3820 outsize=657 ok=1
Cmd: preprocess
  insize=4504 outsize=652 ok=1
Cmd: preprocess
  insize=4805 outsize=653 ok=1
Cmd: preprocess
  insize=31931 outsize=1974 ok=1
Cmd: preprocess
  insize=4292 outsize=663 ok=1
Cmd: preprocess
  insize=5727 outsize=656 ok=1
Cmd: preprocess
  insize=5953 outsize=656 ok=1
Cmd: preprocess
  insize=6251 outsize=654 ok=1
Cmd: preprocess
  insize=6921 outsize=652 ok=1
Cmd: preprocess
  insize=811 outsize=209 ok=1
Cmd: preprocess
  insize=3792 outsize=657 ok=1
Cmd: preprocess
  insize=6224 outsize=656 ok=1
Cmd: preprocess
  insize=6450 outsize=656 ok=1
Cmd: preprocess
  insize=6748 outsize=654 ok=1
Cmd: preprocess
  insize=7418 outsize=652 ok=1
Cmd: preprocess
  insize=32512 outsize=1975 ok=1
Cmd: preprocess
  insize=31115 outsize=1989 ok=1
Cmd: compileSnippet
  api=4 type=0 insize=8444 outsize=1026 kw=UNITY_PASS_SHADOWCASTER pd=UNITY_ENABLE_REFLECTION_BUFFERS UNITY_USE_DITHER_MASK_FOR_ALPHABLENDED_SHADOWS UNITY_PBS_USE_BRDF1 UNITY_SPECCUBE_BOX_PROJECTION UNITY_SPECCUBE_BLENDING UNITY_ENABLE_DETAIL_NORMALMAP SHADER_API_DESKTOP UNITY_COLORSPACE_GAMMA UNITY_LIGHT_PROBE_PROXY_VOLUME UNITY_LIGHTMAP_FULL_HDR ok=1
Cmd: compileSnippet
  api=4 type=1 insize=8444 outsize=218 kw=UNITY_PASS_SHADOWCASTER pd=UNITY_ENABLE_REFLECTION_BUFFERS UNITY_USE_DITHER_MASK_FOR_ALPHABLENDED_SHADOWS UNITY_PBS_USE_BRDF1 UNITY_SPECCUBE_BOX_PROJECTION UNITY_SPECCUBE_BLENDING UNITY_ENABLE_DETAIL_NORMALMAP SHADER_API_DESKTOP UNITY_COLORSPACE_GAMMA UNITY_LIGHT_PROBE_PROXY_VOLUME UNITY_LIGHTMAP_FULL_HDR ok=1
Cmd: compileSnippet
  api=4 type=0 insize=13289 outsize=658 kw= pd=UNITY_ENABLE_REFLECTION_BUFFERS UNITY_USE_DITHER_MASK_FOR_ALPHABLENDED_SHADOWS UNITY_PBS_USE_BRDF1 UNITY_SPECCUBE_BOX_PROJECTION UNITY_SPECCUBE_BLENDING UNITY_ENABLE_DETAIL_NORMALMAP SHADER_API_DESKTOP UNITY_COLORSPACE_GAMMA UNITY_LIGHT_PROBE_PROXY_VOLUME UNITY_LIGHTMAP_FULL_HDR ok=1
Cmd: compileSnippet
  api=4 type=1 insize=13289 outsize=1410 kw= pd=UNITY_ENABLE_REFLECTION_BUFFERS UNITY_USE_DITHER_MASK_FOR_ALPHABLENDED_SHADOWS UNITY_PBS_USE_BRDF1 UNITY_SPECCUBE_BOX_PROJECTION UNITY_SPECCUBE_BLENDING UNITY_ENABLE_DETAIL_NORMALMAP SHADER_API_DESKTOP UNITY_COLORSPACE_GAMMA UNITY_LIGHT_PROBE_PROXY_VOLUME UNITY_LIGHTMAP_FULL_HDR ok=1
